<?xml version="1.0" encoding="UTF-8"?>
<!-- Generated by org.testng.reporters.JUnitReportReporter -->
<testsuite hostname="Chohees-MBP" failures="0" tests="2" name="com.tutorialsninja.qa.testcases.AddToCartAndCheckOut" time="18.733" errors="0" timestamp="2023-06-24T20:47:44 EDT" skipped="0">
  <testcase classname="com.tutorialsninja.qa.testcases.AddToCartAndCheckOut" name="addToCart" time="7.019"/>
  <system-out/>
  <testcase classname="com.tutorialsninja.qa.testcases.AddToCartAndCheckOut" name="checkOut" time="11.714"/>
  <system-out/>
</testsuite> <!-- com.tutorialsninja.qa.testcases.AddToCartAndCheckOut -->
