<?xml version="1.0" encoding="UTF-8"?>
<!-- Generated by org.testng.reporters.JUnitReportReporter -->
<testsuite hostname="Chohees-MBP" failures="0" tests="1" name="com.tutorialsninja.qa.testcases.AddToCart" time="4.729" errors="0" timestamp="2023-06-20T18:39:34 EDT" skipped="0">
  <testcase classname="com.tutorialsninja.qa.testcases.AddToCart" name="addToCart" time="4.729"/>
  <system-out/>
</testsuite> <!-- com.tutorialsninja.qa.testcases.AddToCart -->
