<?xml version="1.0" encoding="UTF-8"?>
<!-- Generated by org.testng.reporters.JUnitReportReporter -->
<testsuite hostname="Chohees-MBP" failures="0" tests="4" name="com.tutorialsninja.qa.testcases.RegisterTest$LoginTest" time="26.691" errors="0" timestamp="2023-06-24T20:47:44 EDT" skipped="0">
  <testcase classname="com.tutorialsninja.qa.testcases.RegisterTest$LoginTest" name="registerAccountWithMandatoryFields" time="7.853"/>
  <system-out/>
  <testcase classname="com.tutorialsninja.qa.testcases.RegisterTest$LoginTest" name="registerAccountWithExistingEmail" time="6.301"/>
  <system-out/>
  <testcase classname="com.tutorialsninja.qa.testcases.RegisterTest$LoginTest" name="registerAccountWithAllFields" time="6.585"/>
  <system-out/>
  <testcase classname="com.tutorialsninja.qa.testcases.RegisterTest$LoginTest" name="registerAccountWithNoFields" time="5.952"/>
  <system-out/>
</testsuite> <!-- com.tutorialsninja.qa.testcases.RegisterTest$LoginTest -->
